TN:
SF:src/context/AppContext.tsx
FN:45,(anonymous_0)
FN:66,(anonymous_1)
FN:73,(anonymous_2)
FN:80,(anonymous_3)
FN:87,(anonymous_4)
FN:92,(anonymous_5)
FN:97,(anonymous_6)
FN:108,(anonymous_7)
FN:120,(anonymous_8)
FN:123,(anonymous_9)
FN:131,(anonymous_10)
FN:135,(anonymous_11)
FN:155,(anonymous_12)
FN:171,(anonymous_13)
FN:187,(anonymous_14)
FN:197,(anonymous_15)
FN:210,(anonymous_16)
FN:220,(anonymous_17)
FN:230,(anonymous_18)
FN:239,(anonymous_19)
FNF:20
FNH:7
FNDA:351,(anonymous_0)
FNDA:0,(anonymous_1)
FNDA:0,(anonymous_2)
FNDA:0,(anonymous_3)
FNDA:0,(anonymous_4)
FNDA:0,(anonymous_5)
FNDA:0,(anonymous_6)
FNDA:135,(anonymous_7)
FNDA:211,(anonymous_8)
FNDA:70,(anonymous_9)
FNDA:1,(anonymous_10)
FNDA:70,(anonymous_11)
FNDA:1,(anonymous_12)
FNDA:0,(anonymous_13)
FNDA:0,(anonymous_14)
FNDA:0,(anonymous_15)
FNDA:0,(anonymous_16)
FNDA:0,(anonymous_17)
FNDA:0,(anonymous_18)
FNDA:0,(anonymous_19)
DA:37,12
DA:45,12
DA:46,351
DA:48,140
DA:50,70
DA:52,70
DA:54,70
DA:56,0
DA:58,1
DA:60,0
DA:62,0
DA:64,0
DA:67,0
DA:71,0
DA:74,0
DA:78,0
DA:81,0
DA:85,0
DA:87,0
DA:90,0
DA:92,0
DA:95,0
DA:97,0
DA:100,0
DA:102,0
DA:106,12
DA:108,12
DA:109,135
DA:110,135
DA:111,0
DA:113,135
DA:120,12
DA:121,211
DA:123,211
DA:125,70
DA:128,70
DA:131,211
DA:132,1
DA:135,211
DA:136,70
DA:137,70
DA:139,70
DA:145,70
DA:146,70
DA:147,70
DA:149,0
DA:151,70
DA:155,211
DA:156,1
DA:157,1
DA:163,1
DA:164,1
DA:166,0
DA:167,0
DA:171,211
DA:172,0
DA:173,0
DA:179,0
DA:180,0
DA:182,0
DA:183,0
DA:187,211
DA:188,0
DA:189,0
DA:190,0
DA:192,0
DA:193,0
DA:197,211
DA:201,0
DA:202,0
DA:203,0
DA:205,0
DA:206,0
DA:210,211
DA:211,0
DA:212,0
DA:213,0
DA:215,0
DA:216,0
DA:220,211
DA:221,0
DA:222,0
DA:223,0
DA:225,0
DA:226,0
DA:230,211
DA:231,0
DA:232,0
DA:234,0
DA:235,0
DA:239,211
DA:240,0
DA:241,0
DA:242,0
DA:244,0
DA:245,0
DA:249,211
DA:263,211
LF:98
LH:42
BRDA:46,0,0,140
BRDA:46,0,1,70
BRDA:46,0,2,70
BRDA:46,0,3,70
BRDA:46,0,4,0
BRDA:46,0,5,1
BRDA:46,0,6,0
BRDA:46,0,7,0
BRDA:46,0,8,0
BRDA:46,0,9,0
BRDA:46,0,10,0
BRDA:46,0,11,0
BRDA:46,0,12,0
BRDA:46,0,13,0
BRDA:46,0,14,0
BRDA:46,0,15,0
BRDA:67,1,0,0
BRDA:67,1,1,0
BRDA:74,2,0,0
BRDA:74,2,1,0
BRDA:81,3,0,0
BRDA:81,3,1,0
BRDA:110,4,0,0
BRDA:110,4,1,135
BRF:24
BRH:6
end_of_record
TN:
SF:src/hooks/useStrategicUpgradePrompts.ts
FN:22,(anonymous_0)
FN:27,(anonymous_1)
FN:60,(anonymous_2)
FN:86,(anonymous_3)
FN:101,(anonymous_4)
FN:112,(anonymous_5)
FN:128,(anonymous_6)
FN:150,(anonymous_7)
FNF:8
FNH:0
FNDA:0,(anonymous_0)
FNDA:0,(anonymous_1)
FNDA:0,(anonymous_2)
FNDA:0,(anonymous_3)
FNDA:0,(anonymous_4)
FNDA:0,(anonymous_5)
FNDA:0,(anonymous_6)
FNDA:0,(anonymous_7)
DA:11,0
DA:22,0
DA:23,0
DA:24,0
DA:27,0
DA:28,0
DA:29,0
DA:32,0
DA:33,0
DA:34,0
DA:41,0
DA:51,0
DA:52,0
DA:53,0
DA:55,0
DA:60,0
DA:61,0
DA:63,0
DA:64,0
DA:66,0
DA:68,0
DA:69,0
DA:71,0
DA:72,0
DA:74,0
DA:75,0
DA:78,0
DA:79,0
DA:81,0
DA:86,0
DA:87,0
DA:89,0
DA:93,0
DA:94,0
DA:97,0
DA:101,0
DA:102,0
DA:104,0
DA:105,0
DA:108,0
DA:112,0
DA:113,0
DA:116,0
DA:120,0
DA:121,0
DA:124,0
DA:128,0
DA:129,0
DA:131,0
DA:134,0
DA:135,0
DA:138,0
DA:139,0
DA:142,0
DA:143,0
DA:146,0
DA:150,0
DA:151,0
DA:154,0
LF:59
LH:0
BRDA:32,0,0,0
BRDA:32,0,1,0
BRDA:61,1,0,0
BRDA:61,1,1,0
BRDA:66,2,0,0
BRDA:66,2,1,0
BRDA:66,2,2,0
BRDA:87,3,0,0
BRDA:87,3,1,0
BRDA:87,4,0,0
BRDA:87,4,1,0
BRDA:93,5,0,0
BRDA:93,5,1,0
BRDA:93,6,0,0
BRDA:93,6,1,0
BRDA:102,7,0,0
BRDA:102,7,1,0
BRDA:102,8,0,0
BRDA:102,8,1,0
BRDA:104,9,0,0
BRDA:104,9,1,0
BRDA:104,10,0,0
BRDA:104,10,1,0
BRDA:113,11,0,0
BRDA:113,11,1,0
BRDA:113,12,0,0
BRDA:113,12,1,0
BRDA:116,13,0,0
BRDA:116,13,1,0
BRDA:116,13,2,0
BRDA:120,14,0,0
BRDA:120,14,1,0
BRDA:120,15,0,0
BRDA:120,15,1,0
BRDA:129,16,0,0
BRDA:129,16,1,0
BRDA:134,17,0,0
BRDA:134,17,1,0
BRDA:138,18,0,0
BRDA:138,18,1,0
BRDA:142,19,0,0
BRDA:142,19,1,0
BRF:42
BRH:0
end_of_record
TN:
SF:src/hooks/useTrialReminders.ts
FN:5,(anonymous_0)
FN:13,(anonymous_1)
FN:35,(anonymous_2)
FN:41,(anonymous_3)
FN:46,(anonymous_4)
FN:47,(anonymous_5)
FN:51,(anonymous_6)
FNF:7
FNH:0
FNDA:0,(anonymous_0)
FNDA:0,(anonymous_1)
FNDA:0,(anonymous_2)
FNDA:0,(anonymous_3)
FNDA:0,(anonymous_4)
FNDA:0,(anonymous_5)
FNDA:0,(anonymous_6)
DA:5,0
DA:6,0
DA:7,0
DA:11,0
DA:13,0
DA:14,0
DA:15,0
DA:16,0
DA:19,0
DA:20,0
DA:21,0
DA:23,0
DA:24,0
DA:28,0
DA:31,0
DA:35,0
DA:36,0
DA:37,0
DA:41,0
DA:42,0
DA:46,0
DA:47,0
DA:48,0
DA:51,0
DA:54,0
LF:25
LH:0
BRDA:15,0,0,0
BRDA:15,0,1,0
BRDA:15,1,0,0
BRDA:15,1,1,0
BRDA:23,2,0,0
BRDA:23,2,1,0
BRDA:23,3,0,0
BRDA:23,3,1,0
BRF:8
BRH:0
end_of_record
TN:
SF:src/navigation/AppNavigator.tsx
FN:37,(anonymous_0)
FN:40,(anonymous_1)
FN:41,(anonymous_2)
FN:78,(anonymous_3)
FN:104,(anonymous_4)
FNF:5
FNH:2
FNDA:0,(anonymous_0)
FNDA:0,(anonymous_1)
FNDA:0,(anonymous_2)
FNDA:3,(anonymous_3)
FNDA:3,(anonymous_4)
DA:11,1
DA:12,1
DA:13,1
DA:14,1
DA:17,0
DA:34,1
DA:35,1
DA:37,1
DA:38,0
DA:40,0
DA:44,0
DA:45,0
DA:46,0
DA:47,0
DA:48,0
DA:49,0
DA:50,0
DA:51,0
DA:53,0
DA:56,0
DA:78,1
DA:79,3
DA:81,3
DA:104,3
DA:106,3
DA:107,0
DA:109,3
DA:112,3
LF:28
LH:14
BRDA:13,0,0,1
BRDA:13,0,1,0
BRDA:13,1,0,1
BRDA:13,1,1,0
BRDA:44,2,0,0
BRDA:44,2,1,0
BRDA:46,3,0,0
BRDA:46,3,1,0
BRDA:48,4,0,0
BRDA:48,4,1,0
BRDA:50,5,0,0
BRDA:50,5,1,0
BRDA:106,6,0,0
BRDA:106,6,1,3
BRDA:106,7,0,3
BRDA:106,7,1,3
BRF:16
BRH:5
end_of_record
TN:
SF:src/screens/AlarmSetup/AlarmListScreen.tsx
FN:17,(anonymous_0)
FN:22,(anonymous_1)
FN:31,(anonymous_2)
FN:38,(anonymous_3)
FN:43,(anonymous_4)
FN:56,(anonymous_5)
FN:65,(anonymous_6)
FN:82,(anonymous_7)
FN:91,(anonymous_8)
FN:93,(anonymous_9)
FN:102,(anonymous_10)
FN:110,(anonymous_11)
FN:129,(anonymous_12)
FN:138,(anonymous_13)
FN:145,(anonymous_14)
FN:158,(anonymous_15)
FN:164,(anonymous_16)
FN:183,(anonymous_17)
FNF:18
FNH:2
FNDA:5,(anonymous_0)
FNDA:0,(anonymous_1)
FNDA:0,(anonymous_2)
FNDA:0,(anonymous_3)
FNDA:0,(anonymous_4)
FNDA:0,(anonymous_5)
FNDA:0,(anonymous_6)
FNDA:0,(anonymous_7)
FNDA:0,(anonymous_8)
FNDA:0,(anonymous_9)
FNDA:0,(anonymous_10)
FNDA:0,(anonymous_11)
FNDA:0,(anonymous_12)
FNDA:0,(anonymous_13)
FNDA:0,(anonymous_14)
FNDA:0,(anonymous_15)
FNDA:0,(anonymous_16)
FNDA:1,(anonymous_17)
DA:17,2
DA:18,5
DA:19,5
DA:20,5
DA:22,5
DA:23,0
DA:24,0
DA:25,0
DA:27,0
DA:31,5
DA:32,0
DA:33,0
DA:34,0
DA:37,5
DA:39,0
DA:43,5
DA:44,0
DA:45,0
DA:46,0
DA:47,0
DA:49,0
DA:52,0
DA:56,5
DA:57,0
DA:66,0
DA:67,0
DA:68,0
DA:69,0
DA:71,0
DA:74,0
DA:82,5
DA:83,0
DA:91,5
DA:92,0
DA:93,0
DA:95,0
DA:96,0
DA:97,0
DA:99,0
DA:102,5
DA:103,0
DA:104,0
DA:105,0
DA:106,0
DA:107,0
DA:110,5
DA:111,0
DA:129,0
DA:138,0
DA:145,0
DA:153,5
DA:158,0
DA:164,0
DA:183,1
DA:219,2
LF:55
LH:16
BRDA:46,0,0,0
BRDA:46,0,1,0
BRDA:68,1,0,0
BRDA:68,1,1,0
BRDA:86,2,0,0
BRDA:86,2,1,0
BRDA:95,3,0,0
BRDA:95,3,1,0
BRDA:96,4,0,0
BRDA:96,4,1,0
BRDA:96,5,0,0
BRDA:96,5,1,0
BRDA:96,5,2,0
BRDA:97,6,0,0
BRDA:97,6,1,0
BRDA:97,7,0,0
BRDA:97,7,1,0
BRDA:97,7,2,0
BRDA:105,8,0,0
BRDA:105,8,1,0
BRDA:106,9,0,0
BRDA:106,9,1,0
BRDA:116,10,0,0
BRDA:116,10,1,0
BRDA:121,11,0,0
BRDA:121,11,1,0
BRDA:131,12,0,0
BRDA:131,12,1,0
BRDA:174,13,0,5
BRDA:174,13,1,0
BRDA:192,14,0,0
BRDA:192,14,1,0
BRF:32
BRH:1
end_of_record
TN:
SF:src/screens/AlarmSetup/AlarmSetupScreen.tsx
FN:27,(anonymous_0)
FN:78,(anonymous_1)
FN:86,(anonymous_2)
FN:93,(anonymous_3)
FN:99,(anonymous_4)
FN:105,(anonymous_5)
FN:129,(anonymous_6)
FN:150,(anonymous_7)
FN:167,(anonymous_8)
FN:168,(anonymous_9)
FN:175,(anonymous_10)
FN:181,(anonymous_11)
FN:206,(anonymous_12)
FN:229,(anonymous_13)
FN:245,(anonymous_14)
FN:275,(anonymous_15)
FN:277,(anonymous_16)
FN:288,(anonymous_17)
FN:290,(anonymous_18)
FN:304,(anonymous_19)
FN:317,(anonymous_20)
FN:329,(anonymous_21)
FN:336,(anonymous_22)
FN:354,(anonymous_23)
FN:356,(anonymous_24)
FN:361,(anonymous_25)
FN:402,(anonymous_26)
FN:426,(anonymous_27)
FN:432,(anonymous_28)
FN:436,(anonymous_29)
FN:457,(anonymous_30)
FN:462,(anonymous_31)
FN:469,(anonymous_32)
FN:489,(anonymous_33)
FN:517,(anonymous_34)
FN:533,(anonymous_35)
FNF:36
FNH:10
FNDA:7,(anonymous_0)
FNDA:28,(anonymous_1)
FNDA:0,(anonymous_2)
FNDA:0,(anonymous_3)
FNDA:0,(anonymous_4)
FNDA:0,(anonymous_5)
FNDA:0,(anonymous_6)
FNDA:0,(anonymous_7)
FNDA:7,(anonymous_8)
FNDA:7,(anonymous_9)
FNDA:0,(anonymous_10)
FNDA:0,(anonymous_11)
FNDA:0,(anonymous_12)
FNDA:0,(anonymous_13)
FNDA:0,(anonymous_14)
FNDA:0,(anonymous_15)
FNDA:0,(anonymous_16)
FNDA:0,(anonymous_17)
FNDA:0,(anonymous_18)
FNDA:0,(anonymous_19)
FNDA:0,(anonymous_20)
FNDA:49,(anonymous_21)
FNDA:0,(anonymous_22)
FNDA:0,(anonymous_23)
FNDA:7,(anonymous_24)
FNDA:7,(anonymous_25)
FNDA:49,(anonymous_26)
FNDA:0,(anonymous_27)
FNDA:0,(anonymous_28)
FNDA:35,(anonymous_29)
FNDA:0,(anonymous_30)
FNDA:49,(anonymous_31)
FNDA:0,(anonymous_32)
FNDA:0,(anonymous_33)
FNDA:0,(anonymous_34)
FNDA:0,(anonymous_35)
DA:27,2
DA:28,7
DA:29,7
DA:30,7
DA:31,7
DA:33,7
DA:34,7
DA:37,7
DA:40,7
DA:43,7
DA:46,7
DA:47,7
DA:49,7
DA:50,7
DA:51,7
DA:52,7
DA:53,7
DA:54,7
DA:56,7
DA:58,7
DA:66,7
DA:76,7
DA:78,7
DA:79,28
DA:80,28
DA:81,28
DA:82,28
DA:83,28
DA:86,7
DA:87,0
DA:88,0
DA:89,0
DA:90,0
DA:93,7
DA:94,0
DA:95,0
DA:96,0
DA:99,7
DA:100,0
DA:101,0
DA:102,0
DA:105,7
DA:106,0
DA:108,0
DA:109,0
DA:110,0
DA:111,0
DA:114,0
DA:116,0
DA:117,0
DA:121,0
DA:122,0
DA:123,0
DA:126,0
DA:129,0
DA:130,0
DA:131,0
DA:132,0
DA:133,0
DA:137,0
DA:138,0
DA:141,0
DA:147,0
DA:150,0
DA:151,0
DA:152,0
DA:153,0
DA:155,0
DA:156,0
DA:160,0
DA:161,0
DA:162,0
DA:167,7
DA:168,7
DA:169,7
DA:170,0
DA:175,7
DA:176,0
DA:177,0
DA:178,0
DA:181,0
DA:182,0
DA:183,0
DA:187,0
DA:188,0
DA:190,0
DA:191,0
DA:192,0
DA:195,0
DA:196,0
DA:198,0
DA:199,0
DA:200,0
DA:203,0
DA:206,7
DA:207,0
DA:209,0
DA:223,0
DA:224,0
DA:225,0
DA:226,0
DA:229,0
DA:232,0
DA:235,0
DA:236,0
DA:240,7
DA:245,0
DA:276,0
DA:277,0
DA:289,0
DA:290,0
DA:304,0
DA:317,0
DA:330,49
DA:336,0
DA:354,0
DA:356,7
DA:361,7
DA:402,49
DA:426,0
DA:433,0
DA:434,0
DA:437,35
DA:457,0
DA:463,49
DA:470,0
DA:471,0
DA:489,0
DA:518,0
DA:519,0
DA:520,0
DA:534,0
DA:535,0
DA:536,0
DA:545,2
LF:135
LH:45
BRDA:33,0,0,7
BRDA:33,0,1,7
BRDA:35,1,0,0
BRDA:35,1,1,7
BRDA:38,2,0,7
BRDA:38,2,1,7
BRDA:41,3,0,7
BRDA:41,3,1,7
BRDA:44,4,0,7
BRDA:44,4,1,7
BRDA:46,5,0,7
BRDA:46,5,1,7
BRDA:47,6,0,7
BRDA:47,6,1,7
BRDA:81,7,0,14
BRDA:81,7,1,14
BRDA:82,8,0,28
BRDA:82,8,1,0
BRDA:108,9,0,0
BRDA:108,9,1,0
BRDA:114,10,0,0
BRDA:114,10,1,0
BRDA:121,11,0,0
BRDA:121,11,1,0
BRDA:130,12,0,0
BRDA:130,12,1,0
BRDA:130,13,0,0
BRDA:130,13,1,0
BRDA:151,14,0,0
BRDA:151,14,1,0
BRDA:169,15,0,0
BRDA:169,15,1,7
BRDA:176,16,0,0
BRDA:176,16,1,0
BRDA:181,17,0,0
BRDA:181,17,1,0
BRDA:190,18,0,0
BRDA:190,18,1,0
BRDA:198,19,0,0
BRDA:198,19,1,0
BRDA:198,20,0,0
BRDA:198,20,1,0
BRDA:207,21,0,0
BRDA:207,21,1,0
BRDA:210,22,0,0
BRDA:210,22,1,0
BRDA:217,23,0,0
BRDA:217,23,1,0
BRDA:225,24,0,0
BRDA:225,24,1,0
BRDA:228,25,0,0
BRDA:228,25,1,0
BRDA:249,26,0,0
BRDA:249,26,1,7
BRDA:276,27,0,0
BRDA:276,27,1,0
BRDA:289,28,0,0
BRDA:289,28,1,0
BRDA:334,29,0,49
BRDA:334,29,1,35
BRDA:340,30,0,49
BRDA:340,30,1,35
BRDA:356,31,0,7
BRDA:356,31,1,0
BRDA:361,32,0,7
BRDA:361,32,1,0
BRDA:378,33,0,7
BRDA:378,33,1,0
BRDA:390,34,0,7
BRDA:390,34,1,7
BRDA:402,35,0,7
BRDA:402,35,1,0
BRDA:412,36,0,0
BRDA:412,36,1,7
BRDA:467,37,0,49
BRDA:467,37,1,7
BRDA:476,38,0,49
BRDA:476,38,1,7
BRDA:483,39,0,49
BRDA:483,39,1,42
BRDA:487,40,0,42
BRDA:487,40,1,0
BRDA:492,41,0,0
BRDA:492,41,1,42
BRDA:494,42,0,0
BRDA:494,42,1,42
BRDA:498,43,0,49
BRDA:498,43,1,7
BRDA:511,44,0,7
BRDA:511,44,1,0
BRDA:516,45,0,0
BRDA:516,45,1,0
BRDA:519,46,0,0
BRDA:519,46,1,0
BRDA:527,47,0,7
BRDA:527,47,1,0
BRDA:532,48,0,0
BRDA:532,48,1,0
BRDA:535,49,0,0
BRDA:535,49,1,0
BRF:100
BRH:42
end_of_record
TN:
SF:src/screens/Home/HomeScreen.tsx
FN:10,(anonymous_0)
FN:16,(anonymous_1)
FN:20,(anonymous_2)
FN:29,(anonymous_3)
FN:35,(anonymous_4)
FN:41,(anonymous_5)
FN:42,(anonymous_6)
FN:45,(anonymous_7)
FN:65,(anonymous_8)
FN:83,(anonymous_9)
FN:87,(anonymous_10)
FN:91,(anonymous_11)
FN:100,(anonymous_12)
FN:109,(anonymous_13)
FN:126,(anonymous_14)
FN:128,(anonymous_15)
FN:132,(anonymous_16)
FN:153,(anonymous_17)
FN:175,(anonymous_18)
FN:178,(anonymous_19)
FN:181,(anonymous_20)
FN:197,(anonymous_21)
FN:220,(anonymous_22)
FN:267,(anonymous_23)
FN:290,(anonymous_24)
FN:294,(anonymous_25)
FN:314,(anonymous_26)
FN:348,(anonymous_27)
FN:387,(anonymous_28)
FNF:29
FNH:9
FNDA:21,(anonymous_0)
FNDA:7,(anonymous_1)
FNDA:7,(anonymous_2)
FNDA:21,(anonymous_3)
FNDA:7,(anonymous_4)
FNDA:21,(anonymous_5)
FNDA:0,(anonymous_6)
FNDA:0,(anonymous_7)
FNDA:0,(anonymous_8)
FNDA:1,(anonymous_9)
FNDA:1,(anonymous_10)
FNDA:0,(anonymous_11)
FNDA:0,(anonymous_12)
FNDA:0,(anonymous_13)
FNDA:21,(anonymous_14)
FNDA:0,(anonymous_15)
FNDA:0,(anonymous_16)
FNDA:0,(anonymous_17)
FNDA:0,(anonymous_18)
FNDA:0,(anonymous_19)
FNDA:0,(anonymous_20)
FNDA:0,(anonymous_21)
FNDA:0,(anonymous_22)
FNDA:0,(anonymous_23)
FNDA:0,(anonymous_24)
FNDA:0,(anonymous_25)
FNDA:0,(anonymous_26)
FNDA:0,(anonymous_27)
FNDA:0,(anonymous_28)
DA:8,2
DA:10,2
DA:11,21
DA:12,21
DA:13,21
DA:14,21
DA:16,21
DA:17,7
DA:20,21
DA:21,7
DA:22,7
DA:23,7
DA:25,0
DA:29,21
DA:30,21
DA:31,21
DA:32,21
DA:33,21
DA:35,21
DA:36,7
DA:37,7
DA:41,21
DA:42,21
DA:45,21
DA:46,0
DA:49,0
DA:50,0
DA:54,0
DA:55,0
DA:56,0
DA:57,0
DA:59,0
DA:60,0
DA:62,0
DA:65,21
DA:66,0
DA:67,0
DA:69,0
DA:70,0
DA:71,0
DA:72,0
DA:74,0
DA:75,0
DA:76,0
DA:77,0
DA:79,0
DA:83,21
DA:84,1
DA:87,21
DA:88,1
DA:91,21
DA:92,0
DA:100,21
DA:102,0
DA:103,0
DA:109,0
DA:117,0
DA:120,0
DA:126,21
DA:127,21
DA:128,0
DA:132,21
DA:133,0
DA:134,0
DA:136,0
DA:137,0
DA:139,0
DA:153,21
DA:154,0
DA:155,0
DA:157,0
DA:158,0
DA:160,0
DA:174,21
DA:176,0
DA:179,0
DA:182,0
DA:183,0
DA:184,0
DA:186,0
DA:189,0
DA:197,21
DA:198,0
DA:206,0
DA:210,21
DA:211,21
DA:213,21
DA:220,0
DA:267,0
DA:291,0
DA:294,0
DA:314,0
DA:349,0
DA:351,0
DA:388,0
DA:411,2
LF:96
LH:40
BRDA:37,0,0,7
BRDA:37,0,1,7
BRDA:46,1,0,0
BRDA:46,1,1,0
BRDA:49,2,0,0
BRDA:49,2,1,0
BRDA:56,3,0,0
BRDA:56,3,1,0
BRDA:57,4,0,0
BRDA:57,4,1,0
BRDA:58,5,0,0
BRDA:58,5,1,0
BRDA:67,6,0,0
BRDA:67,6,1,0
BRDA:74,7,0,0
BRDA:74,7,1,0
BRDA:76,8,0,0
BRDA:76,8,1,0
BRDA:95,9,0,0
BRDA:95,9,1,0
BRDA:102,10,0,0
BRDA:102,10,1,0
BRDA:128,11,0,0
BRDA:128,11,1,0
BRDA:128,11,2,0
BRDA:134,12,0,0
BRDA:134,12,1,0
BRDA:155,13,0,0
BRDA:155,13,1,0
BRDA:157,14,0,0
BRDA:157,14,1,0
BRDA:182,15,0,0
BRDA:182,15,1,0
BRDA:183,16,0,0
BRDA:183,16,1,0
BRDA:206,17,0,0
BRDA:206,17,1,0
BRDA:274,18,0,21
BRDA:274,18,1,0
BRDA:299,19,0,0
BRDA:299,19,1,0
BRDA:311,20,0,0
BRDA:311,20,1,0
BRDA:326,21,0,21
BRDA:326,21,1,0
BRDA:349,22,0,0
BRDA:349,22,1,0
BRDA:372,23,0,0
BRDA:372,23,1,0
BRDA:372,23,2,0
BRDA:385,24,0,0
BRDA:385,24,1,0
BRDA:392,25,0,0
BRDA:392,25,1,0
BRDA:399,26,0,0
BRDA:399,26,1,0
BRF:56
BRH:4
end_of_record
TN:
SF:src/screens/Manifestation/ManifestationCreateScreen.tsx
FN:16,(anonymous_0)
FN:43,(anonymous_1)
FN:80,(anonymous_2)
FN:91,(anonymous_3)
FN:98,(anonymous_4)
FN:151,(anonymous_5)
FN:158,(anonymous_6)
FNF:7
FNH:2
FNDA:18,(anonymous_0)
FNDA:0,(anonymous_1)
FNDA:0,(anonymous_2)
FNDA:0,(anonymous_3)
FNDA:0,(anonymous_4)
FNDA:108,(anonymous_5)
FNDA:0,(anonymous_6)
DA:16,2
DA:17,18
DA:18,18
DA:19,18
DA:22,18
DA:23,18
DA:24,18
DA:33,18
DA:35,18
DA:36,18
DA:37,18
DA:38,18
DA:41,18
DA:43,18
DA:44,0
DA:45,0
DA:46,0
DA:50,0
DA:52,0
DA:53,0
DA:55,0
DA:62,0
DA:73,0
DA:77,0
DA:80,0
DA:84,0
DA:85,0
DA:87,0
DA:91,18
DA:92,0
DA:93,0
DA:98,0
DA:102,0
DA:106,18
DA:152,108
DA:158,0
DA:203,2
LF:37
LH:18
BRDA:24,0,0,0
BRDA:24,0,1,18
BRDA:26,1,0,0
BRDA:26,1,1,0
BRDA:29,2,0,0
BRDA:29,2,1,0
BRDA:29,3,0,0
BRDA:29,3,1,0
BRDA:35,4,0,18
BRDA:35,4,1,18
BRDA:36,5,0,18
BRDA:36,5,1,18
BRDA:37,6,0,18
BRDA:37,6,1,18
BRDA:44,7,0,0
BRDA:44,7,1,0
BRDA:53,8,0,0
BRDA:53,8,1,0
BRDA:53,9,0,0
BRDA:53,9,1,0
BRDA:73,10,0,0
BRDA:73,10,1,0
BRDA:92,11,0,0
BRDA:92,11,1,0
BRDA:92,12,0,0
BRDA:92,12,1,0
BRDA:114,13,0,0
BRDA:114,13,1,18
BRDA:120,14,0,18
BRDA:120,14,1,0
BRDA:120,14,2,18
BRDA:123,15,0,18
BRDA:123,15,1,0
BRDA:127,16,0,18
BRDA:127,16,1,0
BRDA:127,16,2,18
BRDA:129,17,0,0
BRDA:129,17,1,18
BRDA:156,18,0,108
BRDA:156,18,1,18
BRDA:163,19,0,108
BRDA:163,19,1,18
BRF:42
BRH:18
end_of_record
TN:
SF:src/screens/Manifestation/ManifestationReadingScreen.tsx
FN:20,(anonymous_0)
FN:35,(anonymous_1)
FN:38,(anonymous_2)
FN:43,(anonymous_3)
FN:55,(anonymous_4)
FN:67,(anonymous_5)
FN:69,(anonymous_6)
FN:90,(anonymous_7)
FN:108,(anonymous_8)
FN:126,(anonymous_9)
FN:141,(anonymous_10)
FN:144,(anonymous_11)
FN:147,(anonymous_12)
FN:156,(anonymous_13)
FN:165,(anonymous_14)
FNF:15
FNH:3
FNDA:12,(anonymous_0)
FNDA:0,(anonymous_1)
FNDA:4,(anonymous_2)
FNDA:0,(anonymous_3)
FNDA:0,(anonymous_4)
FNDA:0,(anonymous_5)
FNDA:0,(anonymous_6)
FNDA:0,(anonymous_7)
FNDA:0,(anonymous_8)
FNDA:1,(anonymous_9)
FNDA:0,(anonymous_10)
FNDA:0,(anonymous_11)
FNDA:0,(anonymous_12)
FNDA:0,(anonymous_13)
FNDA:0,(anonymous_14)
DA:17,2
DA:18,2
DA:20,2
DA:21,12
DA:22,12
DA:23,12
DA:25,12
DA:26,12
DA:28,12
DA:29,12
DA:30,12
DA:31,12
DA:34,12
DA:35,0
DA:38,12
DA:39,4
DA:43,12
DA:44,0
DA:52,0
DA:55,12
DA:56,0
DA:64,0
DA:67,12
DA:68,0
DA:69,0
DA:70,0
DA:72,0
DA:78,0
DA:80,0
DA:84,0
DA:86,0
DA:90,12
DA:91,0
DA:93,0
DA:94,0
DA:95,0
DA:97,0
DA:100,0
DA:108,12
DA:109,0
DA:111,0
DA:112,0
DA:113,0
DA:115,0
DA:118,0
DA:126,12
DA:128,1
DA:129,0
DA:130,0
DA:131,0
DA:134,1
DA:135,1
DA:137,1
DA:140,12
DA:142,0
DA:145,0
DA:148,0
DA:150,0
DA:152,0
DA:157,0
DA:159,0
DA:161,0
DA:166,0
DA:170,0
DA:178,12
DA:179,12
DA:193,0
DA:194,0
DA:197,0
DA:305,2
LF:70
LH:29
BRDA:35,0,0,0
BRDA:35,0,1,0
BRDA:35,0,2,0
BRDA:52,1,0,0
BRDA:52,1,1,0
BRDA:64,2,0,0
BRDA:64,2,1,0
BRDA:70,3,0,0
BRDA:70,3,1,0
BRDA:78,4,0,0
BRDA:78,4,1,0
BRDA:91,5,0,0
BRDA:91,5,1,0
BRDA:109,6,0,0
BRDA:109,6,1,0
BRDA:128,7,0,0
BRDA:128,7,1,1
BRDA:150,8,0,0
BRDA:150,8,1,0
BRDA:150,9,0,0
BRDA:150,9,1,0
BRDA:159,10,0,0
BRDA:159,10,1,0
BRDA:159,11,0,0
BRDA:159,11,1,0
BRDA:178,12,0,12
BRDA:178,12,1,0
BRDA:262,13,0,0
BRDA:262,13,1,0
BRDA:270,14,0,0
BRDA:270,14,1,0
BRDA:282,15,0,0
BRDA:282,15,1,0
BRDA:290,16,0,0
BRDA:290,16,1,0
BRF:35
BRH:2
end_of_record
TN:
SF:src/screens/Manifestation/ManifestationScreen.tsx
FN:17,(anonymous_0)
FN:21,(anonymous_1)
FN:33,(anonymous_2)
FN:41,(anonymous_3)
FN:46,(anonymous_4)
FN:50,(anonymous_5)
FN:54,(anonymous_6)
FN:58,(anonymous_7)
FN:91,(anonymous_8)
FN:123,(anonymous_9)
FNF:10
FNH:9
FNDA:27,(anonymous_0)
FNDA:16,(anonymous_1)
FNDA:16,(anonymous_2)
FNDA:16,(anonymous_3)
FNDA:0,(anonymous_4)
FNDA:1,(anonymous_5)
FNDA:16,(anonymous_6)
FNDA:1,(anonymous_7)
FNDA:19,(anonymous_8)
FNDA:8,(anonymous_9)
DA:15,2
DA:17,2
DA:18,27
DA:19,27
DA:21,27
DA:22,16
DA:30,16
DA:33,27
DA:34,16
DA:41,27
DA:42,16
DA:43,8
DA:46,27
DA:47,0
DA:50,27
DA:51,1
DA:54,27
DA:55,16
DA:58,1
DA:91,27
DA:92,19
DA:105,27
DA:123,8
DA:146,2
LF:24
LH:23
BRDA:30,0,0,16
BRDA:30,0,1,0
BRDA:41,1,0,16
BRDA:42,2,0,8
BRDA:42,2,1,8
BRDA:81,3,0,16
BRDA:81,3,1,8
BRDA:110,4,0,8
BRDA:110,4,1,19
BRDA:111,5,0,0
BRDA:111,5,1,8
BRDA:118,6,0,19
BRDA:118,6,1,8
BRDA:130,7,0,27
BRDA:130,7,1,8
BRF:15
BRH:13
end_of_record
TN:
SF:src/screens/Manifestation/ManifestationViewScreen.tsx
FN:15,(anonymous_0)
FN:31,(anonymous_1)
FN:39,(anonymous_2)
FN:51,(anonymous_3)
FN:62,(anonymous_4)
FN:72,(anonymous_5)
FN:87,(anonymous_6)
FN:98,(anonymous_7)
FN:107,(anonymous_8)
FN:124,(anonymous_9)
FN:145,(anonymous_10)
FNF:11
FNH:2
FNDA:12,(anonymous_0)
FNDA:1,(anonymous_1)
FNDA:0,(anonymous_2)
FNDA:0,(anonymous_3)
FNDA:0,(anonymous_4)
FNDA:0,(anonymous_5)
FNDA:0,(anonymous_6)
FNDA:0,(anonymous_7)
FNDA:0,(anonymous_8)
FNDA:0,(anonymous_9)
FNDA:0,(anonymous_10)
DA:15,2
DA:16,12
DA:17,12
DA:18,12
DA:20,12
DA:21,12
DA:23,12
DA:25,12
DA:26,12
DA:31,1
DA:39,0
DA:40,0
DA:48,0
DA:51,0
DA:52,0
DA:62,0
DA:63,0
DA:72,0
DA:73,0
DA:74,0
DA:75,0
DA:80,0
DA:84,0
DA:87,0
DA:91,0
DA:92,0
DA:94,0
DA:98,0
DA:99,0
DA:108,0
DA:109,0
DA:110,0
DA:111,0
DA:113,0
DA:114,0
DA:116,0
DA:124,0
DA:125,0
DA:140,0
DA:145,0
DA:255,2
LF:41
LH:11
BRDA:25,0,0,12
BRDA:25,0,1,0
BRDA:48,1,0,0
BRDA:48,1,1,0
BRDA:77,2,0,0
BRDA:77,2,1,0
BRDA:80,3,0,0
BRDA:80,3,1,0
BRDA:131,4,0,0
BRDA:131,4,1,0
BRDA:174,5,0,0
BRDA:174,5,1,0
BRDA:182,6,0,0
BRDA:182,6,1,0
BRDA:203,7,0,0
BRDA:203,7,1,0
BRDA:203,7,2,0
BRDA:219,8,0,0
BRDA:219,8,1,0
BRDA:231,9,0,0
BRDA:231,9,1,0
BRDA:232,10,0,0
BRDA:232,10,1,0
BRDA:238,11,0,0
BRDA:238,11,1,0
BRDA:240,12,0,0
BRDA:240,12,1,0
BRDA:244,13,0,0
BRDA:244,13,1,0
BRDA:246,14,0,0
BRDA:246,14,1,0
BRF:31
BRH:1
end_of_record
TN:
SF:src/screens/MoodRecording/MoodRecordingScreen.tsx
FN:17,(anonymous_0)
FN:49,(anonymous_1)
FN:69,(anonymous_2)
FN:81,(anonymous_3)
FN:83,(anonymous_4)
FN:89,(anonymous_5)
FN:121,(anonymous_6)
FN:123,(anonymous_7)
FN:128,(anonymous_8)
FN:143,(anonymous_9)
FN:158,(anonymous_10)
FN:162,(anonymous_11)
FN:170,(anonymous_12)
FN:190,(anonymous_13)
FN:195,(anonymous_14)
FN:209,(anonymous_15)
FN:240,(anonymous_16)
FN:247,(anonymous_17)
FN:260,(anonymous_18)
FN:268,(anonymous_19)
FN:275,(anonymous_20)
FNF:21
FNH:9
FNDA:36,(anonymous_0)
FNDA:10,(anonymous_1)
FNDA:0,(anonymous_2)
FNDA:1,(anonymous_3)
FNDA:0,(anonymous_4)
FNDA:1,(anonymous_5)
FNDA:0,(anonymous_6)
FNDA:0,(anonymous_7)
FNDA:0,(anonymous_8)
FNDA:0,(anonymous_9)
FNDA:0,(anonymous_10)
FNDA:0,(anonymous_11)
FNDA:0,(anonymous_12)
FNDA:0,(anonymous_13)
FNDA:0,(anonymous_14)
FNDA:0,(anonymous_15)
FNDA:175,(anonymous_16)
FNDA:2,(anonymous_17)
FNDA:20,(anonymous_18)
FNDA:420,(anonymous_19)
FNDA:1,(anonymous_20)
DA:17,2
DA:18,36
DA:19,36
DA:20,36
DA:23,36
DA:24,36
DA:25,36
DA:26,36
DA:27,36
DA:29,36
DA:30,36
DA:31,36
DA:32,36
DA:33,36
DA:34,36
DA:36,36
DA:44,36
DA:49,36
DA:51,10
DA:52,1
DA:54,1
DA:55,0
DA:60,10
DA:61,1
DA:69,36
DA:70,0
DA:71,0
DA:72,0
DA:73,0
DA:75,0
DA:76,0
DA:81,36
DA:82,1
DA:83,0
DA:85,1
DA:89,36
DA:90,1
DA:91,0
DA:92,0
DA:95,1
DA:97,1
DA:98,1
DA:106,1
DA:114,1
DA:115,0
DA:122,0
DA:123,0
DA:128,0
DA:133,1
DA:136,0
DA:137,0
DA:139,1
DA:143,36
DA:144,0
DA:145,0
DA:146,0
DA:147,0
DA:149,0
DA:150,0
DA:153,0
DA:154,0
DA:158,36
DA:159,0
DA:162,36
DA:163,0
DA:170,0
DA:176,36
DA:177,1
DA:190,0
DA:195,0
DA:204,35
DA:209,0
DA:241,175
DA:247,2
DA:260,20
DA:269,420
DA:275,1
DA:326,2
LF:78
LH:48
BRDA:32,0,0,36
BRDA:32,0,1,33
BRDA:51,1,0,1
BRDA:51,1,1,9
BRDA:54,2,0,0
BRDA:54,2,1,1
BRDA:60,3,0,1
BRDA:60,3,1,9
BRDA:70,4,0,0
BRDA:70,4,1,0
BRDA:70,5,0,0
BRDA:70,5,1,0
BRDA:73,6,0,0
BRDA:73,6,1,0
BRDA:82,7,0,0
BRDA:82,7,1,1
BRDA:90,8,0,0
BRDA:90,8,1,1
BRDA:114,9,0,0
BRDA:114,9,1,1
BRDA:145,10,0,0
BRDA:145,10,1,0
BRDA:176,11,0,1
BRDA:176,11,1,35
BRDA:214,12,0,35
BRDA:214,12,1,3
BRDA:220,13,0,35
BRDA:220,13,1,3
BRDA:220,13,2,3
BRDA:245,14,0,175
BRDA:245,14,1,5
BRDA:251,15,0,175
BRDA:251,15,1,5
BRDA:258,16,0,35
BRDA:258,16,1,5
BRDA:273,17,0,420
BRDA:273,17,1,2
BRDA:279,18,0,420
BRDA:279,18,1,2
BRDA:306,19,0,35
BRDA:306,19,1,5
BRDA:306,19,2,31
BRDA:308,20,0,35
BRDA:308,20,1,5
BRDA:309,21,0,1
BRDA:309,21,1,34
BRDA:313,22,0,4
BRDA:313,22,1,30
BRDA:314,23,0,34
BRDA:314,23,1,30
BRF:50
BRH:38
end_of_record
TN:
SF:src/screens/MoodTracking/MoodTrackingScreen.tsx
FN:20,(anonymous_0)
FN:35,(anonymous_1)
FN:42,(anonymous_2)
FN:63,(anonymous_3)
FN:64,(anonymous_4)
FN:66,(anonymous_5)
FN:71,(anonymous_6)
FN:81,(anonymous_7)
FN:83,(anonymous_8)
FN:88,(anonymous_9)
FN:91,(anonymous_10)
FN:95,(anonymous_11)
FN:110,(anonymous_12)
FN:115,(anonymous_13)
FN:123,(anonymous_14)
FN:130,(anonymous_15)
FN:137,(anonymous_16)
FN:148,(anonymous_17)
FN:149,(anonymous_18)
FN:162,(anonymous_19)
FN:172,(anonymous_20)
FN:178,(anonymous_21)
FN:182,(anonymous_22)
FN:191,(anonymous_23)
FN:192,(anonymous_24)
FN:199,(anonymous_25)
FN:212,(anonymous_26)
FN:231,(anonymous_27)
FN:240,(anonymous_28)
FN:262,(anonymous_29)
FN:263,(anonymous_30)
FN:288,(anonymous_31)
FN:293,(anonymous_32)
FN:299,(anonymous_33)
FN:307,(anonymous_34)
FN:314,(anonymous_35)
FN:343,(anonymous_36)
FN:344,(anonymous_37)
FN:366,(anonymous_38)
FN:394,(anonymous_39)
FN:402,(anonymous_40)
FN:415,(anonymous_41)
FN:430,(anonymous_42)
FN:435,(anonymous_43)
FN:441,(anonymous_44)
FN:447,(anonymous_45)
FN:457,(anonymous_46)
FN:485,(anonymous_47)
FN:492,(anonymous_48)
FN:508,(anonymous_49)
FNF:50
FNH:8
FNDA:9,(anonymous_0)
FNDA:0,(anonymous_1)
FNDA:0,(anonymous_2)
FNDA:0,(anonymous_3)
FNDA:0,(anonymous_4)
FNDA:0,(anonymous_5)
FNDA:0,(anonymous_6)
FNDA:0,(anonymous_7)
FNDA:0,(anonymous_8)
FNDA:0,(anonymous_9)
FNDA:0,(anonymous_10)
FNDA:9,(anonymous_11)
FNDA:0,(anonymous_12)
FNDA:0,(anonymous_13)
FNDA:0,(anonymous_14)
FNDA:0,(anonymous_15)
FNDA:0,(anonymous_16)
FNDA:0,(anonymous_17)
FNDA:0,(anonymous_18)
FNDA:0,(anonymous_19)
FNDA:0,(anonymous_20)
FNDA:0,(anonymous_21)
FNDA:0,(anonymous_22)
FNDA:0,(anonymous_23)
FNDA:0,(anonymous_24)
FNDA:9,(anonymous_25)
FNDA:0,(anonymous_26)
FNDA:0,(anonymous_27)
FNDA:0,(anonymous_28)
FNDA:0,(anonymous_29)
FNDA:0,(anonymous_30)
FNDA:9,(anonymous_31)
FNDA:0,(anonymous_32)
FNDA:0,(anonymous_33)
FNDA:27,(anonymous_34)
FNDA:0,(anonymous_35)
FNDA:0,(anonymous_36)
FNDA:0,(anonymous_37)
FNDA:0,(anonymous_38)
FNDA:0,(anonymous_39)
FNDA:0,(anonymous_40)
FNDA:0,(anonymous_41)
FNDA:9,(anonymous_42)
FNDA:0,(anonymous_43)
FNDA:0,(anonymous_44)
FNDA:45,(anonymous_45)
FNDA:0,(anonymous_46)
FNDA:72,(anonymous_47)
FNDA:0,(anonymous_48)
FNDA:0,(anonymous_49)
DA:18,2
DA:20,2
DA:21,9
DA:22,9
DA:23,9
DA:24,9
DA:25,9
DA:26,9
DA:27,9
DA:29,9
DA:30,9
DA:31,9
DA:33,9
DA:35,9
DA:36,0
DA:37,0
DA:38,0
DA:39,0
DA:42,9
DA:43,0
DA:44,0
DA:45,0
DA:48,0
DA:49,0
DA:56,0
DA:57,0
DA:59,0
DA:63,9
DA:64,0
DA:65,0
DA:66,0
DA:71,9
DA:72,0
DA:81,9
DA:82,0
DA:83,0
DA:85,0
DA:88,9
DA:89,0
DA:90,0
DA:91,0
DA:92,0
DA:95,9
DA:96,9
DA:97,9
DA:99,9
DA:101,9
DA:102,9
DA:104,0
DA:105,0
DA:107,0
DA:110,9
DA:111,0
DA:115,9
DA:116,0
DA:118,0
DA:119,0
DA:123,0
DA:130,0
DA:131,0
DA:135,0
DA:137,0
DA:138,0
DA:139,0
DA:140,0
DA:142,0
DA:145,0
DA:146,0
DA:148,0
DA:149,0
DA:150,0
DA:151,0
DA:155,0
DA:156,0
DA:157,0
DA:158,0
DA:162,0
DA:168,0
DA:172,0
DA:178,9
DA:179,0
DA:182,0
DA:183,0
DA:186,0
DA:187,0
DA:189,0
DA:191,0
DA:192,0
DA:194,0
DA:195,0
DA:196,0
DA:199,9
DA:200,9
DA:212,9
DA:213,0
DA:231,9
DA:232,0
DA:234,0
DA:241,0
DA:262,0
DA:263,0
DA:288,9
DA:289,9
DA:293,0
DA:299,0
DA:308,27
DA:314,0
DA:343,0
DA:344,0
DA:366,0
DA:394,9
DA:395,0
DA:397,0
DA:403,0
DA:416,0
DA:430,9
DA:431,9
DA:435,0
DA:441,0
DA:448,45
DA:457,0
DA:486,72
DA:492,0
DA:508,0
DA:528,9
DA:563,2
LF:126
LH:42
BRDA:43,0,0,0
BRDA:43,0,1,0
BRDA:65,1,0,0
BRDA:65,1,1,0
BRDA:90,2,0,0
BRDA:90,2,1,0
BRDA:99,3,0,9
BRDA:99,3,1,0
BRDA:99,3,2,0
BRDA:118,4,0,0
BRDA:118,4,1,0
BRDA:123,5,0,0
BRDA:139,6,0,0
BRDA:139,6,1,0
BRDA:156,7,0,0
BRDA:156,7,1,0
BRDA:162,8,0,0
BRDA:172,9,0,0
BRDA:179,10,0,0
BRDA:179,10,1,0
BRDA:189,11,0,0
BRDA:189,11,1,0
BRDA:189,12,0,0
BRDA:189,12,1,0
BRDA:194,13,0,0
BRDA:194,13,1,0
BRDA:195,14,0,0
BRDA:195,14,1,0
BRDA:224,15,0,0
BRDA:224,15,1,0
BRDA:224,16,0,0
BRDA:224,16,1,0
BRDA:232,17,0,0
BRDA:232,17,1,0
BRDA:262,18,0,0
BRDA:263,19,0,0
BRDA:312,20,0,27
BRDA:312,20,1,9
BRDA:318,21,0,27
BRDA:318,21,1,9
BRDA:320,22,0,9
BRDA:320,22,1,18
BRDA:321,23,0,9
BRDA:321,23,1,9
BRDA:329,24,0,0
BRDA:329,24,1,9
BRDA:343,25,0,0
BRDA:344,26,0,0
BRDA:365,27,0,0
BRDA:365,27,1,0
BRDA:378,28,0,0
BRDA:378,28,1,0
BRDA:378,29,0,0
BRDA:378,29,1,0
BRDA:410,30,0,0
BRDA:410,30,1,0
BRDA:413,31,0,0
BRDA:413,31,1,0
BRDA:418,32,0,0
BRDA:418,32,1,0
BRDA:452,33,0,45
BRDA:452,33,1,0
BRDA:462,34,0,45
BRDA:462,34,1,0
BRDA:490,35,0,72
BRDA:490,35,1,0
BRDA:496,36,0,72
BRDA:496,36,1,0
BRDA:515,37,0,9
BRDA:515,37,1,9
BRDA:536,38,0,9
BRDA:536,38,1,0
BRF:72
BRH:17
end_of_record
TN:
SF:src/screens/Profile/ProfileScreen.tsx
FN:5,(anonymous_0)
FN:10,(anonymous_1)
FN:15,(anonymous_2)
FN:26,(anonymous_3)
FNF:4
FNH:4
FNDA:5,(anonymous_0)
FNDA:1,(anonymous_1)
FNDA:1,(anonymous_2)
FNDA:10,(anonymous_3)
DA:5,2
DA:6,5
DA:10,1
DA:15,1
DA:19,5
DA:27,10
DA:42,2
LF:7
LH:7
BRF:0
BRH:0
end_of_record
TN:
SF:src/screens/Settings/SettingsScreen.tsx
FN:8,(anonymous_0)
FN:11,(anonymous_1)
FN:25,(anonymous_2)
FN:34,(anonymous_3)
FN:49,(anonymous_4)
FN:63,(anonymous_5)
FN:118,(anonymous_6)
FNF:7
FNH:1
FNDA:7,(anonymous_0)
FNDA:0,(anonymous_1)
FNDA:0,(anonymous_2)
FNDA:0,(anonymous_3)
FNDA:0,(anonymous_4)
FNDA:0,(anonymous_5)
FNDA:0,(anonymous_6)
DA:8,2
DA:9,7
DA:11,7
DA:12,0
DA:13,0
DA:14,0
DA:19,0
DA:21,0
DA:25,7
DA:26,0
DA:35,0
DA:36,0
DA:37,0
DA:38,0
DA:39,0
DA:41,0
DA:49,7
DA:50,0
DA:51,0
DA:52,0
DA:54,0
DA:58,7
DA:63,0
DA:118,0
DA:163,2
LF:25
LH:7
BRF:0
BRH:0
end_of_record
TN:
SF:src/services/AlarmService.ts
FN:10,(anonymous_0)
FN:16,(anonymous_1)
FN:32,(anonymous_2)
FN:41,(anonymous_3)
FN:55,(anonymous_4)
FN:58,(anonymous_5)
FN:78,(anonymous_6)
FN:161,(anonymous_7)
FN:199,(anonymous_8)
FN:223,(anonymous_9)
FN:226,(anonymous_10)
FN:248,(anonymous_11)
FN:264,(anonymous_12)
FN:278,(anonymous_13)
FN:280,(anonymous_14)
FN:283,(anonymous_15)
FN:285,(anonymous_16)
FN:288,(anonymous_17)
FN:310,(anonymous_18)
FN:343,(anonymous_19)
FN:363,(anonymous_20)
FN:400,(anonymous_21)
FN:414,(anonymous_22)
FNF:23
FNH:16
FNDA:2,(anonymous_0)
FNDA:3,(anonymous_1)
FNDA:12,(anonymous_2)
FNDA:2,(anonymous_3)
FNDA:3,(anonymous_4)
FNDA:0,(anonymous_5)
FNDA:1,(anonymous_6)
FNDA:8,(anonymous_7)
FNDA:3,(anonymous_8)
FNDA:2,(anonymous_9)
FNDA:0,(anonymous_10)
FNDA:0,(anonymous_11)
FNDA:1,(anonymous_12)
FNDA:2,(anonymous_13)
FNDA:2,(anonymous_14)
FNDA:2,(anonymous_15)
FNDA:1,(anonymous_16)
FNDA:5,(anonymous_17)
FNDA:1,(anonymous_18)
FNDA:0,(anonymous_19)
FNDA:0,(anonymous_20)
FNDA:0,(anonymous_21)
FNDA:0,(anonymous_22)
DA:6,5
DA:7,5
DA:8,5
DA:11,2
DA:12,1
DA:13,1
DA:17,3
DA:18,3
DA:21,2
DA:22,1
DA:25,2
DA:27,1
DA:28,1
DA:33,12
DA:34,12
DA:36,2
DA:37,2
DA:42,2
DA:43,2
DA:46,1
DA:48,1
DA:50,1
DA:51,1
DA:56,3
DA:57,3
DA:58,3
DA:60,3
DA:62,0
DA:63,0
DA:65,0
DA:66,0
DA:68,0
DA:71,0
DA:73,0
DA:74,0
DA:79,1
DA:82,1
DA:83,0
DA:84,0
DA:87,1
DA:89,1
DA:91,1
DA:92,1
DA:93,1
DA:96,1
DA:99,1
DA:102,1
DA:103,1
DA:104,1
DA:105,1
DA:108,1
DA:110,1
DA:111,4
DA:114,4
DA:117,4
DA:124,4
DA:125,15
DA:128,14
DA:129,14
DA:130,10
DA:131,10
DA:137,10
DA:138,10
DA:139,10
DA:141,0
DA:146,4
DA:150,1
DA:151,1
DA:154,1
DA:157,1
DA:162,8
DA:165,8
DA:166,8
DA:169,8
DA:170,8
DA:172,8
DA:173,8
DA:176,8
DA:178,8
DA:180,2
DA:181,2
DA:182,10
DA:183,10
DA:184,10
DA:185,10
DA:190,6
DA:191,24
DA:192,24
DA:196,8
DA:200,3
DA:201,3
DA:203,3
DA:206,3
DA:207,0
DA:208,0
DA:210,0
DA:215,3
DA:217,3
DA:219,0
DA:224,2
DA:225,2
DA:226,2
DA:228,2
DA:231,0
DA:232,0
DA:235,0
DA:236,0
DA:237,0
DA:238,0
DA:240,0
DA:241,0
DA:248,0
DA:249,0
DA:250,0
DA:251,0
DA:257,0
DA:260,0
DA:265,1
DA:266,1
DA:267,1
DA:270,1
DA:273,0
DA:279,2
DA:280,2
DA:284,2
DA:285,2
DA:289,5
DA:291,4
DA:292,4
DA:293,4
DA:295,4
DA:297,3
DA:298,3
DA:300,3
DA:301,1
DA:302,1
DA:303,2
DA:304,1
DA:306,1
DA:311,1
DA:314,1
DA:315,1
DA:317,1
DA:318,1
DA:320,1
DA:321,1
DA:323,1
DA:324,1
DA:327,1
DA:328,0
DA:329,0
DA:333,1
DA:334,1
DA:336,1
DA:337,0
DA:338,0
DA:339,0
DA:344,0
DA:345,0
DA:348,0
DA:349,0
DA:353,0
DA:355,0
DA:357,0
DA:358,0
DA:364,0
DA:366,0
DA:368,0
DA:369,0
DA:372,0
DA:373,0
DA:374,0
DA:377,0
DA:378,0
DA:380,0
DA:381,0
DA:382,0
DA:383,0
DA:384,0
DA:386,0
DA:391,0
DA:392,0
DA:395,0
DA:401,0
DA:404,0
DA:405,0
DA:406,0
DA:410,0
DA:411,0
DA:414,0
DA:415,0
DA:416,0
DA:417,0
DA:418,0
DA:420,0
DA:423,0
DA:424,0
DA:425,0
DA:428,0
LF:199
LH:122
BRDA:11,0,0,1
BRDA:11,0,1,1
BRDA:21,1,0,1
BRDA:21,1,1,1
BRDA:60,2,0,3
BRDA:60,2,1,0
BRDA:65,3,0,0
BRDA:65,3,1,0
BRDA:82,4,0,0
BRDA:82,4,1,1
BRDA:110,5,0,4
BRDA:110,5,1,4
BRDA:114,6,0,0
BRDA:114,6,1,4
BRDA:125,7,0,1
BRDA:125,7,1,14
BRDA:129,8,0,10
BRDA:129,8,1,4
BRDA:135,9,0,10
BRDA:135,9,1,10
BRDA:146,10,0,1
BRDA:146,10,1,3
BRDA:178,11,0,2
BRDA:178,11,1,6
BRDA:180,12,0,2
BRDA:180,12,1,1
BRDA:184,13,0,10
BRDA:184,13,1,0
BRDA:201,14,0,3
BRDA:201,14,1,3
BRDA:228,15,0,2
BRDA:228,15,1,0
BRDA:228,16,0,2
BRDA:228,16,1,0
BRDA:240,17,0,0
BRDA:240,17,1,0
BRDA:249,18,0,0
BRDA:249,18,1,0
BRDA:257,19,0,0
BRDA:257,19,1,0
BRDA:289,20,0,1
BRDA:289,20,1,4
BRDA:295,21,0,1
BRDA:295,21,1,3
BRDA:300,22,0,1
BRDA:300,22,1,2
BRDA:302,23,0,0
BRDA:302,23,1,1
BRDA:303,24,0,1
BRDA:303,24,1,1
BRDA:336,25,0,0
BRDA:336,25,1,1
BRDA:380,26,0,0
BRDA:380,26,1,0
BRDA:416,27,0,0
BRDA:416,27,1,0
BRDA:417,28,0,0
BRDA:417,28,1,0
BRF:58
BRH:36
end_of_record
TN:
SF:src/services/TrialService.ts
FN:32,(anonymous_0)
FN:39,(anonymous_1)
FN:90,(anonymous_2)
FN:105,(anonymous_3)
FN:117,(anonymous_4)
FN:129,(anonymous_5)
FN:139,(anonymous_6)
FN:147,(anonymous_7)
FN:166,(anonymous_8)
FN:202,(anonymous_9)
FN:215,(anonymous_10)
FN:222,(anonymous_11)
FN:226,(anonymous_12)
FN:248,(anonymous_13)
FN:258,(anonymous_14)
FN:270,(anonymous_15)
FN:278,(anonymous_16)
FNF:17
FNH:0
FNDA:0,(anonymous_0)
FNDA:0,(anonymous_1)
FNDA:0,(anonymous_2)
FNDA:0,(anonymous_3)
FNDA:0,(anonymous_4)
FNDA:0,(anonymous_5)
FNDA:0,(anonymous_6)
FNDA:0,(anonymous_7)
FNDA:0,(anonymous_8)
FNDA:0,(anonymous_9)
FNDA:0,(anonymous_10)
FNDA:0,(anonymous_11)
FNDA:0,(anonymous_12)
FNDA:0,(anonymous_13)
FNDA:0,(anonymous_14)
FNDA:0,(anonymous_15)
FNDA:0,(anonymous_16)
DA:29,0
DA:30,0
DA:33,0
DA:34,0
DA:36,0
DA:40,0
DA:41,0
DA:43,0
DA:45,0
DA:46,0
DA:47,0
DA:48,0
DA:51,0
DA:52,0
DA:53,0
DA:55,0
DA:79,0
DA:80,0
DA:81,0
DA:84,0
DA:86,0
DA:91,0
DA:92,0
DA:93,0
DA:94,0
DA:97,0
DA:98,0
DA:100,0
DA:101,0
DA:106,0
DA:107,0
DA:108,0
DA:109,0
DA:111,0
DA:113,0
DA:118,0
DA:119,0
DA:120,0
DA:121,0
DA:123,0
DA:125,0
DA:130,0
DA:131,0
DA:132,0
DA:133,0
DA:135,0
DA:140,0
DA:141,0
DA:144,0
DA:148,0
DA:150,0
DA:151,0
DA:153,0
DA:154,0
DA:156,0
DA:157,0
DA:159,0
DA:160,0
DA:163,0
DA:171,0
DA:199,0
DA:203,0
DA:204,0
DA:205,0
DA:206,0
DA:207,0
DA:209,0
DA:211,0
DA:221,0
DA:222,0
DA:225,0
DA:226,0
DA:229,0
DA:230,0
DA:231,0
DA:234,0
DA:235,0
DA:236,0
DA:237,0
DA:238,0
DA:240,0
DA:249,0
DA:250,0
DA:259,0
DA:260,0
DA:261,0
DA:263,0
DA:271,0
DA:272,0
DA:274,0
DA:279,0
DA:280,0
LF:92
LH:0
BRDA:33,0,0,0
BRDA:33,0,1,0
BRDA:43,1,0,0
BRDA:43,1,1,0
BRDA:93,2,0,0
BRDA:93,2,1,0
BRDA:150,3,0,0
BRDA:150,3,1,0
BRDA:150,4,0,0
BRDA:150,4,1,0
BRDA:150,4,2,0
BRDA:153,5,0,0
BRDA:153,5,1,0
BRDA:153,6,0,0
BRDA:153,6,1,0
BRDA:153,6,2,0
BRDA:156,7,0,0
BRDA:156,7,1,0
BRDA:156,8,0,0
BRDA:156,8,1,0
BRDA:156,8,2,0
BRDA:159,9,0,0
BRDA:159,9,1,0
BRDA:159,10,0,0
BRDA:159,10,1,0
BRDA:159,10,2,0
BRDA:226,11,0,0
BRDA:226,11,1,0
BRDA:230,12,0,0
BRDA:230,12,1,0
BRDA:231,13,0,0
BRDA:231,13,1,0
BRF:32
BRH:0
end_of_record
TN:
SF:src/services/UpgradeAnalytics.ts
FN:31,(anonymous_0)
FN:35,(anonymous_1)
FN:42,(anonymous_2)
FN:60,(anonymous_3)
FN:78,(anonymous_4)
FN:96,(anonymous_5)
FN:111,(anonymous_6)
FN:135,(anonymous_7)
FN:145,(anonymous_8)
FN:168,(anonymous_9)
FN:179,(anonymous_10)
FN:205,(anonymous_11)
FN:219,(anonymous_12)
FN:225,(anonymous_13)
FN:235,(anonymous_14)
FNF:15
FNH:0
FNDA:0,(anonymous_0)
FNDA:0,(anonymous_1)
FNDA:0,(anonymous_2)
FNDA:0,(anonymous_3)
FNDA:0,(anonymous_4)
FNDA:0,(anonymous_5)
FNDA:0,(anonymous_6)
FNDA:0,(anonymous_7)
FNDA:0,(anonymous_8)
FNDA:0,(anonymous_9)
FNDA:0,(anonymous_10)
FNDA:0,(anonymous_11)
FNDA:0,(anonymous_12)
FNDA:0,(anonymous_13)
FNDA:0,(anonymous_14)
DA:29,0
DA:32,0
DA:36,0
DA:37,0
DA:39,0
DA:43,0
DA:44,0
DA:53,0
DA:54,0
DA:56,0
DA:61,0
DA:62,0
DA:71,0
DA:72,0
DA:74,0
DA:79,0
DA:80,0
DA:89,0
DA:90,0
DA:92,0
DA:97,0
DA:98,0
DA:100,0
DA:109,0
DA:111,0
DA:112,0
DA:113,0
DA:116,0
DA:118,0
DA:119,0
DA:120,0
DA:121,0
DA:125,0
DA:126,0
DA:131,0
DA:135,0
DA:136,0
DA:137,0
DA:144,0
DA:145,0
DA:146,0
DA:148,0
DA:151,0
DA:154,0
DA:156,0
DA:157,0
DA:169,0
DA:170,0
DA:173,0
DA:174,0
DA:178,0
DA:179,0
DA:180,0
DA:185,0
DA:186,0
DA:190,0
DA:192,0
DA:193,0
DA:194,0
DA:198,0
DA:200,0
DA:201,0
DA:206,0
DA:207,0
DA:208,0
DA:211,0
DA:213,0
DA:215,0
DA:220,0
DA:221,0
DA:222,0
DA:224,0
DA:225,0
DA:230,0
DA:231,0
DA:236,0
DA:237,0
DA:239,0
LF:78
LH:0
BRDA:36,0,0,0
BRDA:36,0,1,0
BRDA:112,1,0,0
BRDA:112,1,1,0
BRDA:118,2,0,0
BRDA:118,2,1,0
BRDA:120,3,0,0
BRDA:120,3,1,0
BRDA:120,4,0,0
BRDA:120,4,1,0
BRDA:125,5,0,0
BRDA:125,5,1,0
BRDA:131,6,0,0
BRDA:131,6,1,0
BRDA:139,7,0,0
BRDA:139,7,1,0
BRDA:144,8,0,0
BRDA:144,8,1,0
BRDA:146,9,0,0
BRDA:146,9,1,0
BRDA:173,10,0,0
BRDA:173,10,1,0
BRDA:180,11,0,0
BRDA:180,11,1,0
BRDA:180,11,2,0
BRDA:185,12,0,0
BRDA:185,12,1,0
BRDA:190,13,0,0
BRDA:190,13,1,0
BRDA:193,14,0,0
BRDA:193,14,1,0
BRDA:222,15,0,0
BRDA:222,15,1,0
BRF:33
BRH:0
end_of_record
TN:
SF:src/services/notifications/NotificationService.ts
FN:9,(anonymous_0)
FN:21,(anonymous_1)
FN:32,(anonymous_2)
FN:77,(anonymous_3)
FN:79,(anonymous_4)
FN:84,(anonymous_5)
FN:92,(anonymous_6)
FN:114,(anonymous_7)
FN:117,(anonymous_8)
FN:122,(anonymous_9)
FN:146,(anonymous_10)
FN:155,(anonymous_11)
FN:164,(anonymous_12)
FN:173,(anonymous_13)
FN:188,(anonymous_14)
FN:225,(anonymous_15)
FN:234,(anonymous_16)
FNF:17
FNH:16
FNDA:0,(anonymous_0)
FNDA:52,(anonymous_1)
FNDA:52,(anonymous_2)
FNDA:51,(anonymous_3)
FNDA:1,(anonymous_4)
FNDA:3,(anonymous_5)
FNDA:3,(anonymous_6)
FNDA:2,(anonymous_7)
FNDA:1,(anonymous_8)
FNDA:3,(anonymous_9)
FNDA:2,(anonymous_10)
FNDA:2,(anonymous_11)
FNDA:2,(anonymous_12)
FNDA:2,(anonymous_13)
FNDA:2,(anonymous_14)
FNDA:2,(anonymous_15)
FNDA:2,(anonymous_16)
DA:8,10
DA:9,0
DA:19,10
DA:22,52
DA:24,52
DA:25,52
DA:26,51
DA:28,1
DA:35,52
DA:36,10
DA:45,52
DA:46,52
DA:47,51
DA:49,51
DA:50,1
DA:51,1
DA:54,51
DA:55,1
DA:56,1
DA:59,50
DA:60,50
DA:64,50
DA:68,8
DA:70,42
DA:73,0
DA:79,51
DA:80,1
DA:84,51
DA:85,3
DA:86,3
DA:88,3
DA:90,3
DA:92,3
DA:93,3
DA:94,3
DA:100,1
DA:105,2
DA:107,2
DA:115,2
DA:117,2
DA:118,1
DA:128,3
DA:129,3
DA:139,2
DA:141,1
DA:142,1
DA:147,2
DA:148,2
DA:150,1
DA:151,1
DA:156,2
DA:157,2
DA:159,1
DA:160,1
DA:165,2
DA:166,2
DA:168,1
DA:169,1
DA:179,2
DA:180,2
DA:181,2
DA:188,2
DA:189,2
DA:191,0
DA:193,0
DA:195,0
DA:197,0
DA:199,0
DA:201,0
DA:203,2
DA:207,2
DA:208,2
DA:218,1
DA:220,1
DA:221,1
DA:226,2
DA:227,2
DA:229,1
DA:230,1
DA:235,2
DA:236,2
DA:238,1
LF:82
LH:74
BRDA:35,0,0,10
BRDA:35,0,1,42
BRDA:45,1,0,52
BRDA:45,1,1,0
BRDA:49,2,0,1
BRDA:49,2,1,50
BRDA:54,3,0,1
BRDA:54,3,1,50
BRDA:60,4,0,50
BRDA:60,4,1,50
BRDA:60,4,2,50
BRDA:90,5,0,3
BRDA:90,5,1,0
BRDA:90,6,0,3
BRDA:90,6,1,3
BRDA:115,7,0,2
BRDA:115,7,1,0
BRDA:136,8,0,2
BRDA:136,8,1,1
BRDA:177,9,0,2
BRDA:189,10,0,0
BRDA:189,10,1,0
BRDA:189,10,2,0
BRDA:189,10,3,0
BRDA:189,10,4,0
BRDA:189,10,5,0
BRDA:189,10,6,2
BRF:27
BRH:18
end_of_record
TN:
SF:src/services/storage/StorageService.ts
FN:13,(anonymous_0)
FN:23,(anonymous_1)
FN:33,(anonymous_2)
FN:37,(anonymous_3)
FN:47,(anonymous_4)
FN:58,(anonymous_5)
FN:61,(anonymous_6)
FN:71,(anonymous_7)
FN:74,(anonymous_8)
FN:82,(anonymous_9)
FN:92,(anonymous_10)
FN:96,(anonymous_11)
FN:108,(anonymous_12)
FN:119,(anonymous_13)
FN:122,(anonymous_14)
FN:132,(anonymous_15)
FN:135,(anonymous_16)
FN:144,(anonymous_17)
FN:148,(anonymous_18)
FN:160,(anonymous_19)
FN:163,(anonymous_20)
FN:168,(anonymous_21)
FN:181,(anonymous_22)
FN:184,(anonymous_23)
FN:194,(anonymous_24)
FN:197,(anonymous_25)
FN:206,(anonymous_26)
FN:230,(anonymous_27)
FNF:28
FNH:25
FNDA:40,(anonymous_0)
FNDA:2,(anonymous_1)
FNDA:43,(anonymous_2)
FNDA:4,(anonymous_3)
FNDA:1,(anonymous_4)
FNDA:1,(anonymous_5)
FNDA:1,(anonymous_6)
FNDA:1,(anonymous_7)
FNDA:1,(anonymous_8)
FNDA:0,(anonymous_9)
FNDA:43,(anonymous_10)
FNDA:4,(anonymous_11)
FNDA:1,(anonymous_12)
FNDA:1,(anonymous_13)
FNDA:1,(anonymous_14)
FNDA:1,(anonymous_15)
FNDA:1,(anonymous_16)
FNDA:6,(anonymous_17)
FNDA:4,(anonymous_18)
FNDA:1,(anonymous_19)
FNDA:0,(anonymous_20)
FNDA:0,(anonymous_21)
FNDA:1,(anonymous_22)
FNDA:1,(anonymous_23)
FNDA:1,(anonymous_24)
FNDA:1,(anonymous_25)
FNDA:1,(anonymous_26)
FNDA:1,(anonymous_27)
DA:4,11
DA:14,40
DA:15,40
DA:16,40
DA:18,0
DA:19,0
DA:24,2
DA:25,2
DA:27,0
DA:28,0
DA:34,43
DA:35,43
DA:36,43
DA:37,43
DA:42,0
DA:43,0
DA:48,1
DA:49,1
DA:50,1
DA:51,1
DA:53,0
DA:54,0
DA:59,1
DA:60,1
DA:61,1
DA:62,1
DA:64,1
DA:66,0
DA:67,0
DA:72,1
DA:73,1
DA:74,1
DA:75,1
DA:77,0
DA:78,0
DA:83,0
DA:84,0
DA:86,0
DA:87,0
DA:93,43
DA:94,43
DA:95,43
DA:96,43
DA:103,0
DA:104,0
DA:109,1
DA:110,1
DA:111,1
DA:112,1
DA:114,0
DA:115,0
DA:120,1
DA:121,1
DA:122,1
DA:123,1
DA:125,1
DA:127,0
DA:128,0
DA:133,1
DA:134,1
DA:135,1
DA:136,1
DA:138,0
DA:139,0
DA:145,6
DA:146,6
DA:147,6
DA:148,6
DA:155,0
DA:156,0
DA:161,1
DA:162,1
DA:163,1
DA:166,1
DA:168,0
DA:171,1
DA:174,1
DA:176,0
DA:177,0
DA:182,1
DA:183,1
DA:184,1
DA:185,1
DA:187,1
DA:189,0
DA:190,0
DA:195,1
DA:196,1
DA:197,1
DA:198,1
DA:200,0
DA:201,0
DA:207,1
DA:208,1
DA:215,1
DA:223,1
DA:225,0
DA:226,0
DA:231,1
DA:232,1
DA:239,0
DA:240,0
LF:102
LH:65
BRDA:16,0,0,1
BRDA:16,0,1,39
BRDA:36,1,0,4
BRDA:36,1,1,39
BRDA:62,2,0,0
BRDA:62,2,1,1
BRDA:95,3,0,4
BRDA:95,3,1,39
BRDA:99,4,0,0
BRDA:99,4,1,4
BRDA:100,5,0,0
BRDA:100,5,1,4
BRDA:123,6,0,0
BRDA:123,6,1,1
BRDA:147,7,0,4
BRDA:147,7,1,2
BRDA:151,8,0,0
BRDA:151,8,1,4
BRDA:152,9,0,0
BRDA:152,9,1,4
BRDA:166,10,0,0
BRDA:166,10,1,1
BRDA:168,11,0,0
BRDA:168,11,1,0
BRDA:185,12,0,0
BRDA:185,12,1,1
BRF:26
BRH:16
end_of_record
TN:
SF:src/test-utils/TestProviders.tsx
FN:8,(anonymous_0)
FNF:1
FNH:1
FNDA:67,(anonymous_0)
DA:8,11
DA:9,67
LF:2
LH:2
BRF:0
BRH:0
end_of_record
TN:
SF:src/test-utils/mockData.ts
FNF:0
FNH:0
DA:4,0
LF:1
LH:0
BRF:0
BRH:0
end_of_record
TN:
SF:src/utils/appFlowTest.ts
FN:11,(anonymous_0)
FN:68,(anonymous_1)
FN:97,(anonymous_2)
FN:108,(anonymous_3)
FN:119,(anonymous_4)
FN:136,(anonymous_5)
FN:146,(anonymous_6)
FN:162,(anonymous_7)
FN:180,(anonymous_8)
FN:189,(anonymous_9)
FN:201,(anonymous_10)
FN:211,(anonymous_11)
FN:219,(anonymous_12)
FN:232,(anonymous_13)
FN:234,(anonymous_14)
FN:255,(anonymous_15)
FN:285,(anonymous_16)
FN:308,(anonymous_17)
FN:312,(anonymous_18)
FN:316,(anonymous_19)
FN:320,(anonymous_20)
FNF:21
FNH:0
FNDA:0,(anonymous_0)
FNDA:0,(anonymous_1)
FNDA:0,(anonymous_2)
FNDA:0,(anonymous_3)
FNDA:0,(anonymous_4)
FNDA:0,(anonymous_5)
FNDA:0,(anonymous_6)
FNDA:0,(anonymous_7)
FNDA:0,(anonymous_8)
FNDA:0,(anonymous_9)
FNDA:0,(anonymous_10)
FNDA:0,(anonymous_11)
FNDA:0,(anonymous_12)
FNDA:0,(anonymous_13)
FNDA:0,(anonymous_14)
FNDA:0,(anonymous_15)
FNDA:0,(anonymous_16)
FNDA:0,(anonymous_17)
FNDA:0,(anonymous_18)
FNDA:0,(anonymous_19)
FNDA:0,(anonymous_20)
DA:8,0
DA:9,0
DA:12,0
DA:13,0
DA:15,0
DA:17,0
DA:18,0
DA:19,0
DA:20,0
DA:22,0
DA:25,0
DA:26,0
DA:27,0
DA:28,0
DA:30,0
DA:33,0
DA:34,0
DA:35,0
DA:36,0
DA:38,0
DA:41,0
DA:42,0
DA:43,0
DA:44,0
DA:46,0
DA:49,0
DA:50,0
DA:51,0
DA:52,0
DA:54,0
DA:56,0
DA:57,0
DA:60,0
DA:61,0
DA:64,0
DA:69,0
DA:70,0
DA:83,0
DA:85,0
DA:86,0
DA:87,0
DA:90,0
DA:92,0
DA:93,0
DA:98,0
DA:99,0
DA:100,0
DA:103,0
DA:106,0
DA:107,0
DA:108,0
DA:111,0
DA:112,0
DA:114,0
DA:115,0
DA:120,0
DA:122,0
DA:123,0
DA:125,0
DA:131,0
DA:134,0
DA:135,0
DA:136,0
DA:139,0
DA:141,0
DA:142,0
DA:147,0
DA:149,0
DA:150,0
DA:154,0
DA:155,0
DA:157,0
DA:158,0
DA:163,0
DA:165,0
DA:176,0
DA:179,0
DA:180,0
DA:182,0
DA:184,0
DA:185,0
DA:190,0
DA:191,0
DA:194,0
DA:197,0
DA:200,0
DA:201,0
DA:202,0
DA:204,0
DA:206,0
DA:212,0
DA:213,0
DA:220,0
DA:221,0
DA:223,0
DA:229,0
DA:232,0
DA:233,0
DA:234,0
DA:236,0
DA:237,0
DA:239,0
DA:247,0
DA:249,0
DA:250,0
DA:256,0
DA:257,0
DA:270,0
DA:272,0
DA:273,0
DA:274,0
DA:277,0
DA:279,0
DA:280,0
DA:286,0
DA:287,0
DA:288,0
DA:289,0
DA:290,0
DA:291,0
DA:292,0
DA:293,0
DA:294,0
DA:295,0
DA:296,0
DA:297,0
DA:298,0
DA:299,0
DA:300,0
DA:301,0
DA:302,0
DA:303,0
DA:308,0
DA:309,0
DA:312,0
DA:313,0
DA:316,0
DA:317,0
DA:320,0
DA:321,0
LF:140
LH:0
BRDA:18,0,0,0
BRDA:18,0,1,0
BRDA:26,1,0,0
BRDA:26,1,1,0
BRDA:34,2,0,0
BRDA:34,2,1,0
BRDA:42,3,0,0
BRDA:42,3,1,0
BRDA:50,4,0,0
BRDA:50,4,1,0
BRDA:85,5,0,0
BRDA:85,5,1,0
BRDA:100,6,0,0
BRDA:100,6,1,0
BRDA:155,7,0,0
BRDA:155,7,1,0
BRDA:236,8,0,0
BRDA:236,8,1,0
BRDA:272,9,0,0
BRDA:272,9,1,0
BRF:20
BRH:0
end_of_record
TN:
SF:src/utils/emergencyNotificationFix.ts
FN:7,(anonymous_0)
FN:16,(anonymous_1)
FNF:2
FNH:0
FNDA:0,(anonymous_0)
FNDA:0,(anonymous_1)
DA:7,0
DA:8,0
DA:10,0
DA:12,0
DA:13,0
DA:16,0
DA:19,0
DA:20,0
DA:21,0
DA:23,0
DA:24,0
DA:26,0
DA:27,0
DA:31,0
DA:33,0
DA:34,0
DA:37,0
LF:17
LH:0
BRDA:23,0,0,0
BRDA:23,0,1,0
BRF:2
BRH:0
end_of_record
TN:
SF:src/utils/notificationTest.ts
FN:3,(anonymous_0)
FN:35,(anonymous_1)
FN:64,(anonymous_2)
FNF:3
FNH:0
FNDA:0,(anonymous_0)
FNDA:0,(anonymous_1)
FNDA:0,(anonymous_2)
DA:3,0
DA:5,0
DA:6,0
DA:7,0
DA:9,0
DA:10,0
DA:13,0
DA:14,0
DA:16,0
DA:22,0
DA:25,0
DA:26,0
DA:28,0
DA:30,0
DA:31,0
DA:35,0
DA:37,0
DA:38,0
DA:39,0
DA:41,0
DA:42,0
DA:45,0
DA:46,0
DA:48,0
DA:54,0
DA:55,0
DA:57,0
DA:59,0
DA:60,0
DA:64,0
DA:65,0
DA:66,0
DA:67,0
DA:69,0
DA:70,0
DA:72,0
DA:74,0
DA:75,0
LF:38
LH:0
BRF:0
BRH:0
end_of_record
